INFO  | 05-06-2023 03:48:52 | utility.CollectionFileManager - Collection successfully uploaded!
INFO  | 05-06-2023 03:48:52 | run.Server - Server start...
INFO  | 05-06-2023 03:48:52 | run.Server - Server started successfully.
INFO  | 05-06-2023 03:48:52 | run.Server - Port listening '1026'...
INFO  | 05-06-2023 03:48:55 | run.Server - Client connection successfully established.
INFO  | 05-06-2023 03:48:58 | run.Server - Request 'show' successfully processed.
INFO  | 05-06-2023 03:49:09 | run.Server - Request 'execute_script' successfully processed.
INFO  | 05-06-2023 03:49:09 | run.Server - Request 'insert' successfully processed.
INFO  | 05-06-2023 03:49:09 | run.Server - Request 'insert' successfully processed.
INFO  | 05-06-2023 03:49:09 | run.Server - Request 'insert' successfully processed.
INFO  | 05-06-2023 03:49:09 | run.Server - Request 'insert' successfully processed.
INFO  | 05-06-2023 03:49:09 | run.Server - Request 'insert' successfully processed.
INFO  | 05-06-2023 03:49:10 | run.Server - Request 'show' successfully processed.
INFO  | 05-06-2023 03:49:15 | run.Server - Request 'exit' successfully processed.
INFO  | 05-06-2023 03:49:15 | run.Server - Client successfully disconnected from server!
INFO  | 05-06-2023 03:49:15 | run.Server - Port listening '1026'...
INFO  | 05-06-2023 03:49:31 | run.Server - Client connection successfully established.
INFO  | 05-06-2023 03:49:33 | run.Server - Request 'show' successfully processed.
INFO  | 05-06-2023 03:49:55 | run.Server - Request 'server_exit' successfully processed.
INFO  | 05-06-2023 03:49:55 | run.Server - Shutting down the server...
INFO  | 05-06-2023 03:49:55 | run.Server - Server completed successfully.
