INFO  | 05-06-2023 21:33:10 | utility.CollectionFileManager - Collection successfully uploaded!
INFO  | 05-06-2023 21:33:10 | run.Server - Server start...
INFO  | 05-06-2023 21:33:10 | run.Server - Server started successfully.
INFO  | 05-06-2023 21:33:10 | run.Server - Port listening '1026'...
INFO  | 05-06-2023 21:33:12 | run.Server - Client connection successfully established.
INFO  | 05-06-2023 21:33:13 | run.Server - Request 'show' successfully processed.
INFO  | 05-06-2023 21:33:18 | run.Server - Request 'clear' successfully processed.
INFO  | 05-06-2023 21:33:25 | run.Server - Request 'show' successfully processed.
INFO  | 05-06-2023 21:33:28 | run.Server - Request 'exit' successfully processed.
INFO  | 05-06-2023 21:33:28 | run.Server - Client successfully disconnected from server!
INFO  | 05-06-2023 21:33:28 | run.Server - Port listening '1026'...
INFO  | 05-06-2023 21:33:29 | run.Server - Client connection successfully established.
INFO  | 05-06-2023 21:33:31 | run.Server - Request 'show' successfully processed.
INFO  | 05-06-2023 21:34:02 | run.Server - Request 'execute_script' successfully processed.
INFO  | 05-06-2023 21:34:02 | run.Server - Request 'insert' successfully processed.
INFO  | 05-06-2023 21:34:02 | run.Server - Request 'insert' successfully processed.
INFO  | 05-06-2023 21:34:02 | run.Server - Request 'insert' successfully processed.
INFO  | 05-06-2023 21:34:02 | run.Server - Request 'insert' successfully processed.
INFO  | 05-06-2023 21:34:02 | run.Server - Request 'insert' successfully processed.
INFO  | 05-06-2023 21:34:03 | run.Server - Request 'show' successfully processed.
INFO  | 05-06-2023 21:34:06 | run.Server - Request 'info' successfully processed.
INFO  | 05-06-2023 21:34:57 | run.Server - Request 'exit' successfully processed.
INFO  | 05-06-2023 21:34:57 | run.Server - Client successfully disconnected from server!
INFO  | 05-06-2023 21:34:57 | run.Server - Port listening '1026'...
INFO  | 05-06-2023 21:35:01 | run.Server - Client connection successfully established.
INFO  | 05-06-2023 21:35:02 | run.Server - Request 'show' successfully processed.
INFO  | 05-06-2023 21:35:06 | run.Server - Request 'exit' successfully processed.
INFO  | 05-06-2023 21:35:06 | run.Server - Client successfully disconnected from server!
INFO  | 05-06-2023 21:35:06 | run.Server - Port listening '1026'...
INFO  | 05-06-2023 21:35:09 | run.Server - Client connection successfully established.
INFO  | 05-06-2023 21:35:12 | run.Server - Request 'server_exit' successfully processed.
INFO  | 05-06-2023 21:35:12 | run.Server - Shutting down the server...
INFO  | 05-06-2023 21:35:12 | run.Server - Server completed successfully.
