INFO  | 05-06-2023 03:36:28 | utility.CollectionFileManager - Collection successfully uploaded!
INFO  | 05-06-2023 03:36:28 | run.Server - Server start...
INFO  | 05-06-2023 03:36:28 | run.Server - Server started successfully.
INFO  | 05-06-2023 03:36:28 | run.Server - Port listening '1026'...
INFO  | 05-06-2023 03:36:36 | run.Server - Client connection successfully established.
WARN  | 05-06-2023 03:36:36 | run.Server - Unexpected loss of connection with the client!
INFO  | 05-06-2023 03:36:36 | run.Server - Port listening '1026'...
INFO  | 05-06-2023 03:36:45 | run.Server - Client connection successfully established.
INFO  | 05-06-2023 03:36:48 | run.Server - Request 'show' successfully processed.
INFO  | 05-06-2023 03:37:03 | run.Server - Request 'execute_script' successfully processed.
INFO  | 05-06-2023 03:37:03 | run.Server - Request 'insert' successfully processed.
INFO  | 05-06-2023 03:37:03 | run.Server - Request 'insert' successfully processed.
INFO  | 05-06-2023 03:37:03 | run.Server - Request 'insert' successfully processed.
INFO  | 05-06-2023 03:37:03 | run.Server - Request 'insert' successfully processed.
INFO  | 05-06-2023 03:37:03 | run.Server - Request 'insert' successfully processed.
INFO  | 05-06-2023 03:37:04 | run.Server - Request 'show' successfully processed.
INFO  | 05-06-2023 03:37:07 | run.Server - Request 'exit' successfully processed.
INFO  | 05-06-2023 03:37:07 | run.Server - Client successfully disconnected from server!
INFO  | 05-06-2023 03:37:07 | run.Server - Port listening '1026'...
INFO  | 05-06-2023 03:37:27 | run.Server - Client connection successfully established.
INFO  | 05-06-2023 03:37:33 | run.Server - Request 'show' successfully processed.
INFO  | 05-06-2023 03:37:46 | run.Server - Request 'info' successfully processed.
INFO  | 05-06-2023 03:38:18 | run.Server - Request 'help' successfully processed.
INFO  | 05-06-2023 03:39:07 | run.Server - Request 'show' successfully processed.
INFO  | 05-06-2023 03:39:12 | run.Server - Request 'exit' successfully processed.
INFO  | 05-06-2023 03:39:12 | run.Server - Client successfully disconnected from server!
INFO  | 05-06-2023 03:39:12 | run.Server - Port listening '1026'...
INFO  | 05-06-2023 03:39:12 | run.Server - Client connection successfully established.
INFO  | 05-06-2023 03:39:20 | run.Server - Request 'show' successfully processed.
INFO  | 05-06-2023 03:40:02 | run.Server - Request 'server_exit' successfully processed.
INFO  | 05-06-2023 03:40:02 | run.Server - Shutting down the server...
INFO  | 05-06-2023 03:40:02 | run.Server - Server completed successfully.
