INFO  | 05-06-2023 04:46:45 | utility.CollectionFileManager - Collection successfully uploaded!
INFO  | 05-06-2023 04:46:45 | run.Server - Server start...
INFO  | 05-06-2023 04:46:45 | run.Server - Server started successfully.
INFO  | 05-06-2023 04:46:45 | run.Server - Port listening '1026'...
INFO  | 05-06-2023 04:46:48 | run.Server - Client connection successfully established.
INFO  | 05-06-2023 04:46:52 | run.Server - Request 'show' successfully processed.
INFO  | 05-06-2023 04:46:55 | run.Server - Request 'clear' successfully processed.
INFO  | 05-06-2023 04:46:56 | run.Server - Request 'save' successfully processed.
INFO  | 05-06-2023 04:47:00 | run.Server - Request 'show' successfully processed.
INFO  | 05-06-2023 04:47:29 | run.Server - Request 'execute_script' successfully processed.
INFO  | 05-06-2023 04:47:29 | run.Server - Request 'insert' successfully processed.
INFO  | 05-06-2023 04:47:29 | run.Server - Request 'insert' successfully processed.
INFO  | 05-06-2023 04:47:29 | run.Server - Request 'insert' successfully processed.
INFO  | 05-06-2023 04:47:29 | run.Server - Request 'insert' successfully processed.
INFO  | 05-06-2023 04:47:29 | run.Server - Request 'insert' successfully processed.
INFO  | 05-06-2023 04:47:31 | run.Server - Request 'show' successfully processed.
INFO  | 05-06-2023 04:47:32 | run.Server - Request 'save' successfully processed.
INFO  | 05-06-2023 04:47:36 | run.Server - Request 'info' successfully processed.
INFO  | 05-06-2023 04:47:53 | run.Server - Request 'exit' successfully processed.
INFO  | 05-06-2023 04:47:53 | run.Server - Client successfully disconnected from server!
INFO  | 05-06-2023 04:47:53 | run.Server - Port listening '1026'...
INFO  | 05-06-2023 04:47:55 | run.Server - Client connection successfully established.
INFO  | 05-06-2023 04:48:02 | run.Server - Request 'server_exit' successfully processed.
INFO  | 05-06-2023 04:48:02 | run.Server - Shutting down the server...
INFO  | 05-06-2023 04:48:02 | run.Server - Server completed successfully.
