INFO  | 05-06-2023 03:12:57 | utility.CollectionFileManager - Collection successfully uploaded!
INFO  | 05-06-2023 03:12:57 | run.Server - Server start...
INFO  | 05-06-2023 03:12:57 | run.Server - Server started successfully.
INFO  | 05-06-2023 03:12:57 | run.Server - Port listening '1026'...
INFO  | 05-06-2023 03:13:01 | run.Server - Client connection successfully established.
INFO  | 05-06-2023 03:13:03 | run.Server - Request 'show' successfully processed.
INFO  | 05-06-2023 03:13:24 | run.Server - Request 'exit' successfully processed.
INFO  | 05-06-2023 03:13:24 | run.Server - Client successfully disconnected from server!
INFO  | 05-06-2023 03:13:24 | run.Server - Port listening '1026'...
INFO  | 05-06-2023 03:14:10 | run.Server - Client connection successfully established.
INFO  | 05-06-2023 03:14:42 | run.Server - Request 'help' successfully processed.
INFO  | 05-06-2023 03:14:54 | run.Server - Request 'execute_script' successfully processed.
INFO  | 05-06-2023 03:14:54 | run.Server - Request 'execute_script' successfully processed.
INFO  | 05-06-2023 03:14:54 | run.Server - Request 'clear' successfully processed.
INFO  | 05-06-2023 03:14:54 | run.Server - Request 'info' successfully processed.
INFO  | 05-06-2023 03:14:54 | run.Server - Request 'show' successfully processed.
INFO  | 05-06-2023 03:14:54 | run.Server - Request 'execute_script' successfully processed.
INFO  | 05-06-2023 03:14:54 | run.Server - Request 'insert' successfully processed.
INFO  | 05-06-2023 03:14:54 | run.Server - Request 'insert' successfully processed.
INFO  | 05-06-2023 03:14:54 | run.Server - Request 'insert' successfully processed.
INFO  | 05-06-2023 03:14:54 | run.Server - Request 'insert' successfully processed.
INFO  | 05-06-2023 03:14:54 | run.Server - Request 'insert' successfully processed.
INFO  | 05-06-2023 03:15:01 | run.Server - Request 'show' successfully processed.
INFO  | 05-06-2023 03:15:06 | run.Server - Request 'exit' successfully processed.
INFO  | 05-06-2023 03:15:06 | run.Server - Client successfully disconnected from server!
INFO  | 05-06-2023 03:15:06 | run.Server - Port listening '1026'...
INFO  | 05-06-2023 03:15:23 | run.Server - Client connection successfully established.
INFO  | 05-06-2023 03:15:25 | run.Server - Request 'show' successfully processed.
INFO  | 05-06-2023 03:24:44 | run.Server - Request 'exit' successfully processed.
INFO  | 05-06-2023 03:24:44 | run.Server - Client successfully disconnected from server!
INFO  | 05-06-2023 03:24:44 | run.Server - Port listening '1026'...
INFO  | 05-06-2023 03:24:50 | run.Server - Client connection successfully established.
INFO  | 05-06-2023 03:24:55 | run.Server - Request 'server_exit' successfully processed.
INFO  | 05-06-2023 03:24:55 | run.Server - Shutting down the server...
INFO  | 05-06-2023 03:24:55 | run.Server - Server completed successfully.
