INFO  | 05-06-2023 20:19:39 | utility.CollectionFileManager - Collection successfully uploaded!
INFO  | 05-06-2023 20:19:39 | run.Server - Server start...
INFO  | 05-06-2023 20:19:39 | run.Server - Server started successfully.
INFO  | 05-06-2023 20:19:39 | run.Server - Port listening '1026'...
INFO  | 05-06-2023 20:19:43 | run.Server - Client connection successfully established.
INFO  | 05-06-2023 20:19:46 | run.Server - Request 'show' successfully processed.
INFO  | 05-06-2023 20:20:01 | run.Server - Request 'execute_script' successfully processed.
INFO  | 05-06-2023 20:20:01 | run.Server - Request 'insert' successfully processed.
INFO  | 05-06-2023 20:20:01 | run.Server - Request 'insert' successfully processed.
INFO  | 05-06-2023 20:20:01 | run.Server - Request 'insert' successfully processed.
INFO  | 05-06-2023 20:20:01 | run.Server - Request 'insert' successfully processed.
INFO  | 05-06-2023 20:20:01 | run.Server - Request 'insert' successfully processed.
INFO  | 05-06-2023 20:20:03 | run.Server - Request 'show' successfully processed.
INFO  | 05-06-2023 20:20:06 | run.Server - Request 'exit' successfully processed.
INFO  | 05-06-2023 20:20:06 | run.Server - Client successfully disconnected from server!
INFO  | 05-06-2023 20:20:06 | run.Server - Port listening '1026'...
INFO  | 05-06-2023 20:20:11 | run.Server - Client connection successfully established.
INFO  | 05-06-2023 20:20:13 | run.Server - Request 'info' successfully processed.
INFO  | 05-06-2023 20:20:36 | run.Server - Request 'server_exit' successfully processed.
INFO  | 05-06-2023 20:20:36 | run.Server - Shutting down the server...
INFO  | 05-06-2023 20:20:36 | run.Server - Server completed successfully.
