INFO  | 05-06-2023 03:45:12 | utility.CollectionFileManager - Collection successfully uploaded!
INFO  | 05-06-2023 03:45:12 | run.Server - Server start...
INFO  | 05-06-2023 03:45:12 | run.Server - Server started successfully.
INFO  | 05-06-2023 03:45:12 | run.Server - Port listening '1026'...
INFO  | 05-06-2023 03:45:14 | run.Server - Client connection successfully established.
INFO  | 05-06-2023 03:45:25 | run.Server - Request 'execute_script' successfully processed.
INFO  | 05-06-2023 03:45:25 | run.Server - Request 'insert' successfully processed.
INFO  | 05-06-2023 03:45:25 | run.Server - Request 'insert' successfully processed.
INFO  | 05-06-2023 03:45:25 | run.Server - Request 'insert' successfully processed.
INFO  | 05-06-2023 03:45:25 | run.Server - Request 'insert' successfully processed.
INFO  | 05-06-2023 03:45:25 | run.Server - Request 'insert' successfully processed.
INFO  | 05-06-2023 03:45:29 | run.Server - Request 'show' successfully processed.
INFO  | 05-06-2023 03:45:31 | run.Server - Request 'exit' successfully processed.
INFO  | 05-06-2023 03:45:31 | run.Server - Client successfully disconnected from server!
INFO  | 05-06-2023 03:45:31 | run.Server - Port listening '1026'...
INFO  | 05-06-2023 03:45:42 | run.Server - Client connection successfully established.
INFO  | 05-06-2023 03:45:47 | run.Server - Request 'show' successfully processed.
INFO  | 05-06-2023 03:45:49 | run.Server - Request 'exit' successfully processed.
INFO  | 05-06-2023 03:45:49 | run.Server - Client successfully disconnected from server!
INFO  | 05-06-2023 03:45:49 | run.Server - Port listening '1026'...
INFO  | 05-06-2023 03:45:49 | run.Server - Client connection successfully established.
INFO  | 05-06-2023 03:46:00 | run.Server - Request 'server_exit' successfully processed.
