INFO  | 05-06-2023 03:46:16 | utility.CollectionFileManager - Collection successfully uploaded!
INFO  | 05-06-2023 03:46:16 | run.Server - Server start...
INFO  | 05-06-2023 03:46:16 | run.Server - Server started successfully.
INFO  | 05-06-2023 03:46:16 | run.Server - Port listening '1026'...
INFO  | 05-06-2023 03:46:19 | run.Server - Client connection successfully established.
INFO  | 05-06-2023 03:46:21 | run.Server - Request 'show' successfully processed.
INFO  | 05-06-2023 03:46:40 | run.Server - Request 'execute_script' successfully processed.
INFO  | 05-06-2023 03:46:41 | run.Server - Request 'insert' successfully processed.
INFO  | 05-06-2023 03:46:41 | run.Server - Request 'insert' successfully processed.
INFO  | 05-06-2023 03:46:41 | run.Server - Request 'insert' successfully processed.
INFO  | 05-06-2023 03:46:41 | run.Server - Request 'insert' successfully processed.
INFO  | 05-06-2023 03:46:41 | run.Server - Request 'insert' successfully processed.
INFO  | 05-06-2023 03:46:44 | run.Server - Request 'show' successfully processed.
INFO  | 05-06-2023 03:46:48 | run.Server - Request 'exit' successfully processed.
INFO  | 05-06-2023 03:46:48 | run.Server - Client successfully disconnected from server!
INFO  | 05-06-2023 03:46:48 | run.Server - Port listening '1026'...
INFO  | 05-06-2023 03:47:02 | run.Server - Client connection successfully established.
INFO  | 05-06-2023 03:47:11 | run.Server - Request 'show' successfully processed.
INFO  | 05-06-2023 03:47:12 | run.Server - Request 'exit' successfully processed.
INFO  | 05-06-2023 03:47:12 | run.Server - Client successfully disconnected from server!
INFO  | 05-06-2023 03:47:12 | run.Server - Port listening '1026'...
INFO  | 05-06-2023 03:47:12 | run.Server - Client connection successfully established.
INFO  | 05-06-2023 03:47:24 | run.Server - Request 'show' successfully processed.
INFO  | 05-06-2023 03:47:34 | run.Server - Request 'server_exit' successfully processed.
