INFO  | 05-06-2023 03:41:12 | utility.CollectionFileManager - Collection successfully uploaded!
INFO  | 05-06-2023 03:41:12 | run.Server - Server start...
INFO  | 05-06-2023 03:41:12 | run.Server - Server started successfully.
INFO  | 05-06-2023 03:41:12 | run.Server - Port listening '1026'...
INFO  | 05-06-2023 03:41:16 | run.Server - Client connection successfully established.
INFO  | 05-06-2023 03:41:19 | run.Server - Request 'show' successfully processed.
INFO  | 05-06-2023 03:41:30 | run.Server - Request 'execute_script' successfully processed.
INFO  | 05-06-2023 03:41:30 | run.Server - Request 'insert' successfully processed.
INFO  | 05-06-2023 03:41:30 | run.Server - Request 'insert' successfully processed.
INFO  | 05-06-2023 03:41:30 | run.Server - Request 'insert' successfully processed.
INFO  | 05-06-2023 03:41:30 | run.Server - Request 'insert' successfully processed.
INFO  | 05-06-2023 03:41:30 | run.Server - Request 'insert' successfully processed.
INFO  | 05-06-2023 03:41:32 | run.Server - Request 'show' successfully processed.
INFO  | 05-06-2023 03:41:35 | run.Server - Request 'exit' successfully processed.
INFO  | 05-06-2023 03:41:35 | run.Server - Client successfully disconnected from server!
INFO  | 05-06-2023 03:41:35 | run.Server - Port listening '1026'...
INFO  | 05-06-2023 03:42:03 | run.Server - Client connection successfully established.
INFO  | 05-06-2023 03:42:08 | run.Server - Request 'server_exit' successfully processed.
INFO  | 05-06-2023 03:42:08 | run.Server - Shutting down the server...
INFO  | 05-06-2023 03:42:08 | run.Server - Server completed successfully.
