WARN  | 05-06-2023 03:34:13 | utility.CollectionFileManager - Boot file not found!
INFO  | 05-06-2023 03:34:13 | run.Server - Server start...
INFO  | 05-06-2023 03:34:13 | run.Server - Server started successfully.
INFO  | 05-06-2023 03:34:13 | run.Server - Port listening '1026'...
INFO  | 05-06-2023 03:34:16 | run.Server - Client connection successfully established.
INFO  | 05-06-2023 03:34:19 | run.Server - Request 'show' successfully processed.
INFO  | 05-06-2023 03:35:24 | run.Server - Request 'execute_script' successfully processed.
INFO  | 05-06-2023 03:35:24 | run.Server - Request 'clear' successfully processed.
INFO  | 05-06-2023 03:35:24 | run.Server - Request 'info' successfully processed.
INFO  | 05-06-2023 03:35:24 | run.Server - Request 'show' successfully processed.
INFO  | 05-06-2023 03:35:44 | run.Server - Request 'execute_script' successfully processed.
INFO  | 05-06-2023 03:35:44 | run.Server - Request 'insert' successfully processed.
INFO  | 05-06-2023 03:35:44 | run.Server - Request 'insert' successfully processed.
INFO  | 05-06-2023 03:35:44 | run.Server - Request 'insert' successfully processed.
INFO  | 05-06-2023 03:35:44 | run.Server - Request 'insert' successfully processed.
INFO  | 05-06-2023 03:35:44 | run.Server - Request 'insert' successfully processed.
INFO  | 05-06-2023 03:35:47 | run.Server - Request 'show' successfully processed.
INFO  | 05-06-2023 03:35:51 | run.Server - Request 'exit' successfully processed.
INFO  | 05-06-2023 03:35:51 | run.Server - Client successfully disconnected from server!
INFO  | 05-06-2023 03:35:51 | run.Server - Port listening '1026'...
INFO  | 05-06-2023 03:36:04 | run.Server - Client connection successfully established.
INFO  | 05-06-2023 03:36:11 | run.Server - Request 'server_exit' successfully processed.
INFO  | 05-06-2023 03:36:11 | run.Server - Shutting down the server...
INFO  | 05-06-2023 03:36:11 | run.Server - Server completed successfully.
